<?xml version="1.0" encoding="UTF-8" ?>  
<!DOCTYPE tiles-definitions PUBLIC  
       "-//Apache Software Foundation//DTD Tiles Configuration 3.0//EN"  
       "http://tiles.apache.org/dtds/tiles-config_3_0.dtd">
<!-- http://tiles.apache.org/framework/config-reference.html -->
<tiles-definitions>
	<!-- tiles基础模板 -->
	<definition name="baseTemplate" template="/view/core/test-layout.jsp">
		<put-attribute name="title" value="标题" />
		<put-attribute name="cssresources" value="/view/core/test-css.jsp" />
		<put-attribute name="jsresources" value="/view/core/test-js.jsp" />
		<put-attribute name="header" value="/view/core/test-header.jsp" />
		<put-attribute name="body" value="" />
		<put-attribute name="footer" value="/view/core/test-footer.jsp" />
	</definition>

	<definition name="index" extends="baseTemplate">
		<put-attribute name="title" value="首页" />
		<put-attribute name="body" value="/view/core/test-body.jsp" />
	</definition>
	
</tiles-definitions>