<?xml version="1.0" encoding="UTF-8"?><conpany>
<department name="1">
<employee name="employee1" id="1">123</employee>
</department>
</book></conpany>
